{"/Users/connorblazek/Documents/GitHub/AssistFortnite/api.js": {"path":"/Users/connorblazek/Documents/GitHub/AssistFortnite/api.js","statementMap":{"0":{"start":{"line":4,"column":4},"end":{"line":9,"column":11}},"1":{"start":{"line":6,"column":12},"end":{"line":6,"column":34}},"2":{"start":{"line":8,"column":8},"end":{"line":8,"column":29}},"3":{"start":{"line":13,"column":4},"end":{"line":19,"column":11}},"4":{"start":{"line":16,"column":12},"end":{"line":16,"column":34}},"5":{"start":{"line":18,"column":8},"end":{"line":18,"column":29}},"6":{"start":{"line":23,"column":4},"end":{"line":28,"column":11}},"7":{"start":{"line":25,"column":12},"end":{"line":25,"column":34}},"8":{"start":{"line":27,"column":8},"end":{"line":27,"column":29}},"9":{"start":{"line":32,"column":4},"end":{"line":37,"column":11}},"10":{"start":{"line":34,"column":12},"end":{"line":34,"column":34}},"11":{"start":{"line":36,"column":8},"end":{"line":36,"column":29}},"12":{"start":{"line":41,"column":4},"end":{"line":46,"column":11}},"13":{"start":{"line":43,"column":12},"end":{"line":43,"column":34}},"14":{"start":{"line":45,"column":8},"end":{"line":45,"column":29}},"15":{"start":{"line":50,"column":4},"end":{"line":55,"column":11}},"16":{"start":{"line":52,"column":12},"end":{"line":52,"column":34}},"17":{"start":{"line":54,"column":8},"end":{"line":54,"column":29}}},"fnMap":{"0":{"name":"getDailyStore","decl":{"start":{"line":3,"column":16},"end":{"line":3,"column":29}},"loc":{"start":{"line":3,"column":32},"end":{"line":10,"column":1}},"line":3},"1":{"name":"(anonymous_1)","decl":{"start":{"line":5,"column":14},"end":{"line":5,"column":15}},"loc":{"start":{"line":5,"column":28},"end":{"line":6,"column":35}},"line":5},"2":{"name":"(anonymous_2)","decl":{"start":{"line":7,"column":15},"end":{"line":7,"column":16}},"loc":{"start":{"line":7,"column":26},"end":{"line":9,"column":9}},"line":7},"3":{"name":"getUserStats","decl":{"start":{"line":12,"column":16},"end":{"line":12,"column":28}},"loc":{"start":{"line":12,"column":48},"end":{"line":20,"column":1}},"line":12},"4":{"name":"(anonymous_4)","decl":{"start":{"line":15,"column":14},"end":{"line":15,"column":15}},"loc":{"start":{"line":15,"column":28},"end":{"line":16,"column":35}},"line":15},"5":{"name":"(anonymous_5)","decl":{"start":{"line":17,"column":15},"end":{"line":17,"column":16}},"loc":{"start":{"line":17,"column":26},"end":{"line":19,"column":9}},"line":17},"6":{"name":"getChallenges","decl":{"start":{"line":22,"column":16},"end":{"line":22,"column":29}},"loc":{"start":{"line":22,"column":38},"end":{"line":29,"column":1}},"line":22},"7":{"name":"(anonymous_7)","decl":{"start":{"line":24,"column":14},"end":{"line":24,"column":15}},"loc":{"start":{"line":24,"column":28},"end":{"line":25,"column":35}},"line":24},"8":{"name":"(anonymous_8)","decl":{"start":{"line":26,"column":15},"end":{"line":26,"column":16}},"loc":{"start":{"line":26,"column":26},"end":{"line":28,"column":9}},"line":26},"9":{"name":"getUpcomingItems","decl":{"start":{"line":31,"column":16},"end":{"line":31,"column":32}},"loc":{"start":{"line":31,"column":35},"end":{"line":38,"column":1}},"line":31},"10":{"name":"(anonymous_10)","decl":{"start":{"line":33,"column":14},"end":{"line":33,"column":15}},"loc":{"start":{"line":33,"column":28},"end":{"line":34,"column":35}},"line":33},"11":{"name":"(anonymous_11)","decl":{"start":{"line":35,"column":15},"end":{"line":35,"column":16}},"loc":{"start":{"line":35,"column":26},"end":{"line":37,"column":9}},"line":35},"12":{"name":"getWeapons","decl":{"start":{"line":40,"column":16},"end":{"line":40,"column":26}},"loc":{"start":{"line":40,"column":29},"end":{"line":47,"column":1}},"line":40},"13":{"name":"(anonymous_13)","decl":{"start":{"line":42,"column":14},"end":{"line":42,"column":15}},"loc":{"start":{"line":42,"column":28},"end":{"line":43,"column":35}},"line":42},"14":{"name":"(anonymous_14)","decl":{"start":{"line":44,"column":15},"end":{"line":44,"column":16}},"loc":{"start":{"line":44,"column":26},"end":{"line":46,"column":9}},"line":44},"15":{"name":"getServerStatus","decl":{"start":{"line":49,"column":16},"end":{"line":49,"column":31}},"loc":{"start":{"line":49,"column":34},"end":{"line":56,"column":1}},"line":49},"16":{"name":"(anonymous_16)","decl":{"start":{"line":51,"column":14},"end":{"line":51,"column":15}},"loc":{"start":{"line":51,"column":28},"end":{"line":52,"column":35}},"line":51},"17":{"name":"(anonymous_17)","decl":{"start":{"line":53,"column":15},"end":{"line":53,"column":16}},"loc":{"start":{"line":53,"column":26},"end":{"line":55,"column":9}},"line":53}},"branchMap":{},"s":{"0":0,"1":0,"2":0,"3":0,"4":0,"5":0,"6":0,"7":0,"8":0,"9":0,"10":0,"11":0,"12":0,"13":0,"14":0,"15":0,"16":0,"17":0},"f":{"0":0,"1":0,"2":0,"3":0,"4":0,"5":0,"6":0,"7":0,"8":0,"9":0,"10":0,"11":0,"12":0,"13":0,"14":0,"15":0,"16":0,"17":0},"b":{},"_coverageSchema":"43e27e138ebf9cfc5966b082cf9a028302ed4184","hash":"760c636cf50b8137b3778c144183dfd71e668b41"}
,"/Users/connorblazek/Documents/GitHub/AssistFortnite/styles.js": {"path":"/Users/connorblazek/Documents/GitHub/AssistFortnite/styles.js","statementMap":{},"fnMap":{},"branchMap":{},"s":{},"f":{},"b":{},"_coverageSchema":"43e27e138ebf9cfc5966b082cf9a028302ed4184","hash":"057450264678cb2e473429386ea000b15e075677"}
,"/Users/connorblazek/Documents/GitHub/AssistFortnite/assets/__mockAPI.js": {"path":"/Users/connorblazek/Documents/GitHub/AssistFortnite/assets/__mockAPI.js","statementMap":{"0":{"start":{"line":1,"column":19},"end":{"line":1,"column":127}},"1":{"start":{"line":2,"column":25},"end":{"line":2,"column":12694}},"2":{"start":{"line":3,"column":28},"end":{"line":3,"column":5825}},"3":{"start":{"line":4,"column":26},"end":{"line":4,"column":12054}},"4":{"start":{"line":5,"column":22},"end":{"line":5,"column":214}}},"fnMap":{},"branchMap":{},"s":{"0":1,"1":1,"2":1,"3":1,"4":1},"f":{},"b":{},"_coverageSchema":"43e27e138ebf9cfc5966b082cf9a028302ed4184","hash":"2708499d148e9d17572e8546864c6b841ee37f63"}
,"/Users/connorblazek/Documents/GitHub/AssistFortnite/assets/images/background.jpg": {"path":"/Users/connorblazek/Documents/GitHub/AssistFortnite/assets/images/background.jpg","statementMap":{"0":{"start":{"line":1,"column":0},"end":{"line":1,"column":19}}},"fnMap":{},"branchMap":{},"s":{"0":1},"f":{},"b":{},"_coverageSchema":"43e27e138ebf9cfc5966b082cf9a028302ed4184","hash":"fa45e5616946bac6b614cd8ad6bb44529ffa09ac"}
,"/Users/connorblazek/Documents/GitHub/AssistFortnite/components/ButtonBar.js": {"path":"/Users/connorblazek/Documents/GitHub/AssistFortnite/components/ButtonBar.js","statementMap":{"0":{"start":{"line":8,"column":4},"end":{"line":8,"column":17}},"1":{"start":{"line":9,"column":4},"end":{"line":12,"column":6}},"2":{"start":{"line":16,"column":4},"end":{"line":16,"column":88}},"3":{"start":{"line":16,"column":48},"end":{"line":16,"column":86}},"4":{"start":{"line":20,"column":4},"end":{"line":20,"column":88}},"5":{"start":{"line":20,"column":48},"end":{"line":20,"column":86}},"6":{"start":{"line":25,"column":4},"end":{"line":43,"column":5}},"7":{"start":{"line":26,"column":6},"end":{"line":38,"column":7}},"8":{"start":{"line":27,"column":8},"end":{"line":31,"column":9}},"9":{"start":{"line":33,"column":8},"end":{"line":37,"column":9}},"10":{"start":{"line":40,"column":6},"end":{"line":42,"column":7}},"11":{"start":{"line":47,"column":4},"end":{"line":64,"column":5}},"12":{"start":{"line":48,"column":6},"end":{"line":63,"column":7}},"13":{"start":{"line":49,"column":8},"end":{"line":55,"column":9}},"14":{"start":{"line":57,"column":8},"end":{"line":62,"column":9}},"15":{"start":{"line":65,"column":4},"end":{"line":85,"column":5}},"16":{"start":{"line":66,"column":6},"end":{"line":80,"column":7}},"17":{"start":{"line":67,"column":8},"end":{"line":72,"column":9}},"18":{"start":{"line":74,"column":8},"end":{"line":79,"column":9}},"19":{"start":{"line":82,"column":6},"end":{"line":84,"column":7}},"20":{"start":{"line":89,"column":4},"end":{"line":137,"column":6}},"21":{"start":{"line":94,"column":65},"end":{"line":94,"column":98}},"22":{"start":{"line":102,"column":65},"end":{"line":102,"column":99}},"23":{"start":{"line":112,"column":65},"end":{"line":112,"column":99}},"24":{"start":{"line":120,"column":65},"end":{"line":120,"column":98}},"25":{"start":{"line":128,"column":65},"end":{"line":128,"column":100}}},"fnMap":{"0":{"name":"(anonymous_0)","decl":{"start":{"line":7,"column":2},"end":{"line":7,"column":3}},"loc":{"start":{"line":7,"column":21},"end":{"line":13,"column":3}},"line":7},"1":{"name":"(anonymous_1)","decl":{"start":{"line":15,"column":2},"end":{"line":15,"column":3}},"loc":{"start":{"line":15,"column":30},"end":{"line":17,"column":3}},"line":15},"2":{"name":"(anonymous_2)","decl":{"start":{"line":16,"column":42},"end":{"line":16,"column":43}},"loc":{"start":{"line":16,"column":48},"end":{"line":16,"column":86}},"line":16},"3":{"name":"(anonymous_3)","decl":{"start":{"line":19,"column":2},"end":{"line":19,"column":3}},"loc":{"start":{"line":19,"column":30},"end":{"line":22,"column":3}},"line":19},"4":{"name":"(anonymous_4)","decl":{"start":{"line":20,"column":42},"end":{"line":20,"column":43}},"loc":{"start":{"line":20,"column":48},"end":{"line":20,"column":86}},"line":20},"5":{"name":"(anonymous_5)","decl":{"start":{"line":24,"column":2},"end":{"line":24,"column":3}},"loc":{"start":{"line":24,"column":29},"end":{"line":44,"column":3}},"line":24},"6":{"name":"(anonymous_6)","decl":{"start":{"line":46,"column":2},"end":{"line":46,"column":3}},"loc":{"start":{"line":46,"column":29},"end":{"line":86,"column":3}},"line":46},"7":{"name":"(anonymous_7)","decl":{"start":{"line":88,"column":2},"end":{"line":88,"column":3}},"loc":{"start":{"line":88,"column":11},"end":{"line":138,"column":3}},"line":88},"8":{"name":"(anonymous_8)","decl":{"start":{"line":94,"column":59},"end":{"line":94,"column":60}},"loc":{"start":{"line":94,"column":65},"end":{"line":94,"column":98}},"line":94},"9":{"name":"(anonymous_9)","decl":{"start":{"line":102,"column":59},"end":{"line":102,"column":60}},"loc":{"start":{"line":102,"column":65},"end":{"line":102,"column":99}},"line":102},"10":{"name":"(anonymous_10)","decl":{"start":{"line":112,"column":59},"end":{"line":112,"column":60}},"loc":{"start":{"line":112,"column":65},"end":{"line":112,"column":99}},"line":112},"11":{"name":"(anonymous_11)","decl":{"start":{"line":120,"column":59},"end":{"line":120,"column":60}},"loc":{"start":{"line":120,"column":65},"end":{"line":120,"column":98}},"line":120},"12":{"name":"(anonymous_12)","decl":{"start":{"line":128,"column":59},"end":{"line":128,"column":60}},"loc":{"start":{"line":128,"column":65},"end":{"line":128,"column":100}},"line":128}},"branchMap":{"0":{"loc":{"start":{"line":25,"column":4},"end":{"line":43,"column":5}},"type":"if","locations":[{"start":{"line":25,"column":4},"end":{"line":43,"column":5}},{"start":{"line":25,"column":4},"end":{"line":43,"column":5}}],"line":25},"1":{"loc":{"start":{"line":26,"column":6},"end":{"line":38,"column":7}},"type":"if","locations":[{"start":{"line":26,"column":6},"end":{"line":38,"column":7}},{"start":{"line":26,"column":6},"end":{"line":38,"column":7}}],"line":26},"2":{"loc":{"start":{"line":47,"column":4},"end":{"line":64,"column":5}},"type":"if","locations":[{"start":{"line":47,"column":4},"end":{"line":64,"column":5}},{"start":{"line":47,"column":4},"end":{"line":64,"column":5}}],"line":47},"3":{"loc":{"start":{"line":48,"column":6},"end":{"line":63,"column":7}},"type":"if","locations":[{"start":{"line":48,"column":6},"end":{"line":63,"column":7}},{"start":{"line":48,"column":6},"end":{"line":63,"column":7}}],"line":48},"4":{"loc":{"start":{"line":65,"column":4},"end":{"line":85,"column":5}},"type":"if","locations":[{"start":{"line":65,"column":4},"end":{"line":85,"column":5}},{"start":{"line":65,"column":4},"end":{"line":85,"column":5}}],"line":65},"5":{"loc":{"start":{"line":66,"column":6},"end":{"line":80,"column":7}},"type":"if","locations":[{"start":{"line":66,"column":6},"end":{"line":80,"column":7}},{"start":{"line":66,"column":6},"end":{"line":80,"column":7}}],"line":66}},"s":{"0":1,"1":1,"2":0,"3":0,"4":0,"5":0,"6":2,"7":1,"8":1,"9":0,"10":1,"11":3,"12":1,"13":0,"14":1,"15":2,"16":1,"17":1,"18":0,"19":1,"20":1,"21":0,"22":0,"23":0,"24":0,"25":0},"f":{"0":1,"1":0,"2":0,"3":0,"4":0,"5":2,"6":3,"7":1,"8":0,"9":0,"10":0,"11":0,"12":0},"b":{"0":[1,1],"1":[1,0],"2":[1,2],"3":[0,1],"4":[1,1],"5":[1,0]},"_coverageSchema":"43e27e138ebf9cfc5966b082cf9a028302ed4184","hash":"7c2c01e30b0585141e2c43e10df1949af6ab478c"}
,"/Users/connorblazek/Documents/GitHub/AssistFortnite/screens/HomeScreen.js": {"path":"/Users/connorblazek/Documents/GitHub/AssistFortnite/screens/HomeScreen.js","statementMap":{"0":{"start":{"line":14,"column":4},"end":{"line":14,"column":17}},"1":{"start":{"line":15,"column":4},"end":{"line":20,"column":6}},"2":{"start":{"line":24,"column":4},"end":{"line":33,"column":7}},"3":{"start":{"line":25,"column":6},"end":{"line":32,"column":7}},"4":{"start":{"line":26,"column":8},"end":{"line":31,"column":32}},"5":{"start":{"line":29,"column":67},"end":{"line":29,"column":88}},"6":{"start":{"line":35,"column":4},"end":{"line":41,"column":6}},"7":{"start":{"line":36,"column":6},"end":{"line":40,"column":7}},"8":{"start":{"line":37,"column":8},"end":{"line":37,"column":51}},"9":{"start":{"line":39,"column":8},"end":{"line":39,"column":45}},"10":{"start":{"line":45,"column":4},"end":{"line":45,"column":37}},"11":{"start":{"line":49,"column":4},"end":{"line":49,"column":37}},"12":{"start":{"line":50,"column":4},"end":{"line":59,"column":5}},"13":{"start":{"line":51,"column":6},"end":{"line":56,"column":30}},"14":{"start":{"line":54,"column":39},"end":{"line":54,"column":64}},"15":{"start":{"line":57,"column":6},"end":{"line":57,"column":40}},"16":{"start":{"line":58,"column":6},"end":{"line":58,"column":13}},"17":{"start":{"line":60,"column":4},"end":{"line":74,"column":5}},"18":{"start":{"line":61,"column":6},"end":{"line":70,"column":7}},"19":{"start":{"line":62,"column":8},"end":{"line":67,"column":32}},"20":{"start":{"line":65,"column":41},"end":{"line":65,"column":66}},"21":{"start":{"line":68,"column":8},"end":{"line":68,"column":42}},"22":{"start":{"line":69,"column":8},"end":{"line":69,"column":15}},"23":{"start":{"line":71,"column":6},"end":{"line":71,"column":40}},"24":{"start":{"line":72,"column":6},"end":{"line":72,"column":81}},"25":{"start":{"line":78,"column":4},"end":{"line":94,"column":5}},"26":{"start":{"line":80,"column":8},"end":{"line":82,"column":11}},"27":{"start":{"line":83,"column":8},"end":{"line":83,"column":14}},"28":{"start":{"line":85,"column":8},"end":{"line":87,"column":11}},"29":{"start":{"line":88,"column":8},"end":{"line":88,"column":14}},"30":{"start":{"line":90,"column":8},"end":{"line":92,"column":11}},"31":{"start":{"line":93,"column":8},"end":{"line":93,"column":14}},"32":{"start":{"line":98,"column":4},"end":{"line":98,"column":61}},"33":{"start":{"line":102,"column":4},"end":{"line":102,"column":64}},"34":{"start":{"line":106,"column":4},"end":{"line":106,"column":53}},"35":{"start":{"line":110,"column":4},"end":{"line":110,"column":55}},"36":{"start":{"line":114,"column":4},"end":{"line":114,"column":58}},"37":{"start":{"line":118,"column":4},"end":{"line":118,"column":56}},"38":{"start":{"line":121,"column":4},"end":{"line":121,"column":59}},"39":{"start":{"line":124,"column":4},"end":{"line":124,"column":53}},"40":{"start":{"line":128,"column":4},"end":{"line":287,"column":6}},"41":{"start":{"line":149,"column":44},"end":{"line":149,"column":79}},"42":{"start":{"line":162,"column":22},"end":{"line":162,"column":49}},"43":{"start":{"line":172,"column":31},"end":{"line":172,"column":54}},"44":{"start":{"line":187,"column":31},"end":{"line":187,"column":65}},"45":{"start":{"line":197,"column":31},"end":{"line":197,"column":64}},"46":{"start":{"line":210,"column":31},"end":{"line":210,"column":60}},"47":{"start":{"line":221,"column":31},"end":{"line":221,"column":56}},"48":{"start":{"line":234,"column":31},"end":{"line":234,"column":62}},"49":{"start":{"line":244,"column":31},"end":{"line":244,"column":57}},"50":{"start":{"line":257,"column":31},"end":{"line":257,"column":59}},"51":{"start":{"line":268,"column":31},"end":{"line":268,"column":57}}},"fnMap":{"0":{"name":"(anonymous_0)","decl":{"start":{"line":13,"column":2},"end":{"line":13,"column":3}},"loc":{"start":{"line":13,"column":21},"end":{"line":21,"column":3}},"line":13},"1":{"name":"(anonymous_1)","decl":{"start":{"line":23,"column":2},"end":{"line":23,"column":3}},"loc":{"start":{"line":23,"column":22},"end":{"line":42,"column":3}},"line":23},"2":{"name":"(anonymous_2)","decl":{"start":{"line":24,"column":37},"end":{"line":24,"column":38}},"loc":{"start":{"line":24,"column":57},"end":{"line":33,"column":5}},"line":24},"3":{"name":"(anonymous_3)","decl":{"start":{"line":29,"column":61},"end":{"line":29,"column":62}},"loc":{"start":{"line":29,"column":67},"end":{"line":29,"column":88}},"line":29},"4":{"name":"(anonymous_4)","decl":{"start":{"line":35,"column":27},"end":{"line":35,"column":28}},"loc":{"start":{"line":35,"column":40},"end":{"line":41,"column":5}},"line":35},"5":{"name":"(anonymous_5)","decl":{"start":{"line":44,"column":2},"end":{"line":44,"column":3}},"loc":{"start":{"line":44,"column":33},"end":{"line":46,"column":3}},"line":44},"6":{"name":"(anonymous_6)","decl":{"start":{"line":48,"column":2},"end":{"line":48,"column":3}},"loc":{"start":{"line":48,"column":21},"end":{"line":75,"column":3}},"line":48},"7":{"name":"(anonymous_7)","decl":{"start":{"line":54,"column":33},"end":{"line":54,"column":34}},"loc":{"start":{"line":54,"column":39},"end":{"line":54,"column":64}},"line":54},"8":{"name":"(anonymous_8)","decl":{"start":{"line":60,"column":70},"end":{"line":60,"column":71}},"loc":{"start":{"line":60,"column":81},"end":{"line":73,"column":5}},"line":60},"9":{"name":"(anonymous_9)","decl":{"start":{"line":65,"column":35},"end":{"line":65,"column":36}},"loc":{"start":{"line":65,"column":41},"end":{"line":65,"column":66}},"line":65},"10":{"name":"(anonymous_10)","decl":{"start":{"line":77,"column":2},"end":{"line":77,"column":3}},"loc":{"start":{"line":77,"column":29},"end":{"line":95,"column":3}},"line":77},"11":{"name":"(anonymous_11)","decl":{"start":{"line":97,"column":2},"end":{"line":97,"column":3}},"loc":{"start":{"line":97,"column":32},"end":{"line":99,"column":3}},"line":97},"12":{"name":"(anonymous_12)","decl":{"start":{"line":101,"column":2},"end":{"line":101,"column":3}},"loc":{"start":{"line":101,"column":23},"end":{"line":103,"column":3}},"line":101},"13":{"name":"(anonymous_13)","decl":{"start":{"line":105,"column":2},"end":{"line":105,"column":3}},"loc":{"start":{"line":105,"column":24},"end":{"line":107,"column":3}},"line":105},"14":{"name":"(anonymous_14)","decl":{"start":{"line":109,"column":2},"end":{"line":109,"column":3}},"loc":{"start":{"line":109,"column":26},"end":{"line":111,"column":3}},"line":109},"15":{"name":"(anonymous_15)","decl":{"start":{"line":113,"column":2},"end":{"line":113,"column":3}},"loc":{"start":{"line":113,"column":29},"end":{"line":115,"column":3}},"line":113},"16":{"name":"(anonymous_16)","decl":{"start":{"line":117,"column":2},"end":{"line":117,"column":3}},"loc":{"start":{"line":117,"column":27},"end":{"line":119,"column":3}},"line":117},"17":{"name":"(anonymous_17)","decl":{"start":{"line":120,"column":2},"end":{"line":120,"column":3}},"loc":{"start":{"line":120,"column":31},"end":{"line":122,"column":3}},"line":120},"18":{"name":"(anonymous_18)","decl":{"start":{"line":123,"column":2},"end":{"line":123,"column":3}},"loc":{"start":{"line":123,"column":24},"end":{"line":125,"column":3}},"line":123},"19":{"name":"(anonymous_19)","decl":{"start":{"line":127,"column":2},"end":{"line":127,"column":3}},"loc":{"start":{"line":127,"column":11},"end":{"line":288,"column":3}},"line":127},"20":{"name":"(anonymous_20)","decl":{"start":{"line":149,"column":34},"end":{"line":149,"column":35}},"loc":{"start":{"line":149,"column":44},"end":{"line":149,"column":79}},"line":149},"21":{"name":"(anonymous_21)","decl":{"start":{"line":161,"column":35},"end":{"line":161,"column":36}},"loc":{"start":{"line":162,"column":22},"end":{"line":162,"column":49}},"line":162},"22":{"name":"(anonymous_22)","decl":{"start":{"line":172,"column":25},"end":{"line":172,"column":26}},"loc":{"start":{"line":172,"column":31},"end":{"line":172,"column":54}},"line":172},"23":{"name":"(anonymous_23)","decl":{"start":{"line":187,"column":25},"end":{"line":187,"column":26}},"loc":{"start":{"line":187,"column":31},"end":{"line":187,"column":65}},"line":187},"24":{"name":"(anonymous_24)","decl":{"start":{"line":197,"column":25},"end":{"line":197,"column":26}},"loc":{"start":{"line":197,"column":31},"end":{"line":197,"column":64}},"line":197},"25":{"name":"(anonymous_25)","decl":{"start":{"line":210,"column":25},"end":{"line":210,"column":26}},"loc":{"start":{"line":210,"column":31},"end":{"line":210,"column":60}},"line":210},"26":{"name":"(anonymous_26)","decl":{"start":{"line":221,"column":25},"end":{"line":221,"column":26}},"loc":{"start":{"line":221,"column":31},"end":{"line":221,"column":56}},"line":221},"27":{"name":"(anonymous_27)","decl":{"start":{"line":234,"column":25},"end":{"line":234,"column":26}},"loc":{"start":{"line":234,"column":31},"end":{"line":234,"column":62}},"line":234},"28":{"name":"(anonymous_28)","decl":{"start":{"line":244,"column":25},"end":{"line":244,"column":26}},"loc":{"start":{"line":244,"column":31},"end":{"line":244,"column":57}},"line":244},"29":{"name":"(anonymous_29)","decl":{"start":{"line":257,"column":25},"end":{"line":257,"column":26}},"loc":{"start":{"line":257,"column":31},"end":{"line":257,"column":59}},"line":257},"30":{"name":"(anonymous_30)","decl":{"start":{"line":268,"column":25},"end":{"line":268,"column":26}},"loc":{"start":{"line":268,"column":31},"end":{"line":268,"column":57}},"line":268}},"branchMap":{"0":{"loc":{"start":{"line":25,"column":6},"end":{"line":32,"column":7}},"type":"if","locations":[{"start":{"line":25,"column":6},"end":{"line":32,"column":7}},{"start":{"line":25,"column":6},"end":{"line":32,"column":7}}],"line":25},"1":{"loc":{"start":{"line":36,"column":6},"end":{"line":40,"column":7}},"type":"if","locations":[{"start":{"line":36,"column":6},"end":{"line":40,"column":7}},{"start":{"line":36,"column":6},"end":{"line":40,"column":7}}],"line":36},"2":{"loc":{"start":{"line":50,"column":4},"end":{"line":59,"column":5}},"type":"if","locations":[{"start":{"line":50,"column":4},"end":{"line":59,"column":5}},{"start":{"line":50,"column":4},"end":{"line":59,"column":5}}],"line":50},"3":{"loc":{"start":{"line":61,"column":6},"end":{"line":70,"column":7}},"type":"if","locations":[{"start":{"line":61,"column":6},"end":{"line":70,"column":7}},{"start":{"line":61,"column":6},"end":{"line":70,"column":7}}],"line":61},"4":{"loc":{"start":{"line":78,"column":4},"end":{"line":94,"column":5}},"type":"switch","locations":[{"start":{"line":79,"column":6},"end":{"line":83,"column":14}},{"start":{"line":84,"column":6},"end":{"line":88,"column":14}},{"start":{"line":89,"column":6},"end":{"line":93,"column":14}}],"line":78},"5":{"loc":{"start":{"line":280,"column":9},"end":{"line":283,"column":17}},"type":"binary-expr","locations":[{"start":{"line":280,"column":9},"end":{"line":280,"column":27}},{"start":{"line":281,"column":10},"end":{"line":283,"column":17}}],"line":280}},"s":{"0":2,"1":2,"2":2,"3":2,"4":0,"5":0,"6":2,"7":2,"8":2,"9":0,"10":1,"11":1,"12":1,"13":0,"14":0,"15":0,"16":0,"17":1,"18":1,"19":0,"20":0,"21":0,"22":0,"23":1,"24":1,"25":3,"26":1,"27":1,"28":1,"29":1,"30":1,"31":1,"32":1,"33":1,"34":1,"35":1,"36":1,"37":1,"38":1,"39":1,"40":10,"41":1,"42":0,"43":1,"44":1,"45":1,"46":1,"47":1,"48":1,"49":1,"50":1,"51":1},"f":{"0":2,"1":2,"2":2,"3":0,"4":2,"5":1,"6":1,"7":0,"8":1,"9":0,"10":3,"11":1,"12":1,"13":1,"14":1,"15":1,"16":1,"17":1,"18":1,"19":10,"20":1,"21":0,"22":1,"23":1,"24":1,"25":1,"26":1,"27":1,"28":1,"29":1,"30":1},"b":{"0":[0,0],"1":[2,0],"2":[0,1],"3":[0,1],"4":[1,1,1],"5":[10,2]},"_coverageSchema":"43e27e138ebf9cfc5966b082cf9a028302ed4184","hash":"d73678e2d14a8bfbd174cbf81d5b1e38112cb127"}
,"/Users/connorblazek/Documents/GitHub/AssistFortnite/screens/ItemShopScreen.js": {"path":"/Users/connorblazek/Documents/GitHub/AssistFortnite/screens/ItemShopScreen.js","statementMap":{"0":{"start":{"line":15,"column":4},"end":{"line":15,"column":12}},"1":{"start":{"line":16,"column":4},"end":{"line":20,"column":5}},"2":{"start":{"line":24,"column":4},"end":{"line":37,"column":6}},"3":{"start":{"line":25,"column":6},"end":{"line":35,"column":8}},"4":{"start":{"line":26,"column":8},"end":{"line":34,"column":9}},"5":{"start":{"line":27,"column":10},"end":{"line":29,"column":12}},"6":{"start":{"line":31,"column":10},"end":{"line":33,"column":12}},"7":{"start":{"line":36,"column":6},"end":{"line":36,"column":39}},"8":{"start":{"line":41,"column":12},"end":{"line":41,"column":22}},"9":{"start":{"line":42,"column":16},"end":{"line":42,"column":31}},"10":{"start":{"line":43,"column":4},"end":{"line":43,"column":22}},"11":{"start":{"line":48,"column":4},"end":{"line":92,"column":5}},"12":{"start":{"line":60,"column":42},"end":{"line":60,"column":53}},"13":{"start":{"line":63,"column":20},"end":{"line":66,"column":22}},"14":{"start":{"line":76,"column":42},"end":{"line":76,"column":53}},"15":{"start":{"line":79,"column":20},"end":{"line":82,"column":22}}},"fnMap":{"0":{"name":"(anonymous_0)","decl":{"start":{"line":14,"column":2},"end":{"line":14,"column":3}},"loc":{"start":{"line":14,"column":16},"end":{"line":21,"column":3}},"line":14},"1":{"name":"(anonymous_1)","decl":{"start":{"line":23,"column":2},"end":{"line":23,"column":3}},"loc":{"start":{"line":23,"column":22},"end":{"line":38,"column":3}},"line":23},"2":{"name":"(anonymous_2)","decl":{"start":{"line":24,"column":25},"end":{"line":24,"column":26}},"loc":{"start":{"line":24,"column":37},"end":{"line":37,"column":5}},"line":24},"3":{"name":"(anonymous_3)","decl":{"start":{"line":25,"column":29},"end":{"line":25,"column":30}},"loc":{"start":{"line":25,"column":39},"end":{"line":35,"column":7}},"line":25},"4":{"name":"(anonymous_4)","decl":{"start":{"line":40,"column":2},"end":{"line":40,"column":3}},"loc":{"start":{"line":40,"column":26},"end":{"line":44,"column":3}},"line":40},"5":{"name":"(anonymous_5)","decl":{"start":{"line":47,"column":2},"end":{"line":47,"column":3}},"loc":{"start":{"line":47,"column":11},"end":{"line":93,"column":3}},"line":47},"6":{"name":"(anonymous_6)","decl":{"start":{"line":60,"column":32},"end":{"line":60,"column":33}},"loc":{"start":{"line":60,"column":42},"end":{"line":60,"column":53}},"line":60},"7":{"name":"(anonymous_7)","decl":{"start":{"line":62,"column":30},"end":{"line":62,"column":31}},"loc":{"start":{"line":63,"column":20},"end":{"line":66,"column":22}},"line":63},"8":{"name":"(anonymous_8)","decl":{"start":{"line":76,"column":32},"end":{"line":76,"column":33}},"loc":{"start":{"line":76,"column":42},"end":{"line":76,"column":53}},"line":76},"9":{"name":"(anonymous_9)","decl":{"start":{"line":78,"column":30},"end":{"line":78,"column":31}},"loc":{"start":{"line":79,"column":20},"end":{"line":82,"column":22}},"line":79}},"branchMap":{"0":{"loc":{"start":{"line":26,"column":8},"end":{"line":34,"column":9}},"type":"if","locations":[{"start":{"line":26,"column":8},"end":{"line":34,"column":9}},{"start":{"line":26,"column":8},"end":{"line":34,"column":9}}],"line":26},"1":{"loc":{"start":{"line":51,"column":11},"end":{"line":89,"column":19}},"type":"cond-expr","locations":[{"start":{"line":53,"column":12},"end":{"line":86,"column":19}},{"start":{"line":87,"column":14},"end":{"line":89,"column":19}}],"line":51},"2":{"loc":{"start":{"line":51,"column":11},"end":{"line":51,"column":44}},"type":"binary-expr","locations":[{"start":{"line":51,"column":11},"end":{"line":51,"column":21}},{"start":{"line":51,"column":25},"end":{"line":51,"column":44}}],"line":51}},"s":{"0":1,"1":1,"2":1,"3":1,"4":13,"5":7,"6":6,"7":1,"8":1,"9":1,"10":1,"11":15,"12":6,"13":0,"14":7,"15":0},"f":{"0":1,"1":1,"2":1,"3":13,"4":1,"5":15,"6":6,"7":0,"8":7,"9":0},"b":{"0":[7,6],"1":[1,14],"2":[15,15]},"_coverageSchema":"43e27e138ebf9cfc5966b082cf9a028302ed4184","hash":"403eed38c1be1d446b17d4981345bf960e232ee4"}
,"/Users/connorblazek/Documents/GitHub/AssistFortnite/screens/RandomDropGeneratorScreen.js": {"path":"/Users/connorblazek/Documents/GitHub/AssistFortnite/screens/RandomDropGeneratorScreen.js","statementMap":{"0":{"start":{"line":12,"column":6},"end":{"line":12,"column":14}},"1":{"start":{"line":13,"column":6},"end":{"line":16,"column":7}},"2":{"start":{"line":21,"column":22},"end":{"line":41,"column":5}},"3":{"start":{"line":42,"column":22},"end":{"line":49,"column":5}},"4":{"start":{"line":51,"column":22},"end":{"line":51,"column":81}},"5":{"start":{"line":52,"column":22},"end":{"line":52,"column":81}},"6":{"start":{"line":54,"column":4},"end":{"line":57,"column":6}},"7":{"start":{"line":61,"column":4},"end":{"line":97,"column":5}},"8":{"start":{"line":86,"column":27},"end":{"line":86,"column":48}}},"fnMap":{"0":{"name":"(anonymous_0)","decl":{"start":{"line":11,"column":2},"end":{"line":11,"column":3}},"loc":{"start":{"line":11,"column":15},"end":{"line":17,"column":3}},"line":11},"1":{"name":"(anonymous_1)","decl":{"start":{"line":19,"column":19},"end":{"line":19,"column":20}},"loc":{"start":{"line":19,"column":25},"end":{"line":58,"column":3}},"line":19},"2":{"name":"(anonymous_2)","decl":{"start":{"line":60,"column":2},"end":{"line":60,"column":3}},"loc":{"start":{"line":60,"column":11},"end":{"line":98,"column":3}},"line":60},"3":{"name":"(anonymous_3)","decl":{"start":{"line":86,"column":21},"end":{"line":86,"column":22}},"loc":{"start":{"line":86,"column":27},"end":{"line":86,"column":48}},"line":86}},"branchMap":{},"s":{"0":2,"1":2,"2":1,"3":1,"4":1,"5":1,"6":1,"7":3,"8":1},"f":{"0":2,"1":1,"2":3,"3":1},"b":{},"_coverageSchema":"43e27e138ebf9cfc5966b082cf9a028302ed4184","hash":"d3c72718d7079766c920ffc18198a2afe1239d84"}
,"/Users/connorblazek/Documents/GitHub/AssistFortnite/screens/StatTrackerScreen.js": {"path":"/Users/connorblazek/Documents/GitHub/AssistFortnite/screens/StatTrackerScreen.js","statementMap":{"0":{"start":{"line":15,"column":4},"end":{"line":15,"column":17}},"1":{"start":{"line":16,"column":4},"end":{"line":23,"column":6}},"2":{"start":{"line":27,"column":16},"end":{"line":27,"column":97}},"3":{"start":{"line":28,"column":4},"end":{"line":37,"column":5}},"4":{"start":{"line":29,"column":6},"end":{"line":34,"column":30}},"5":{"start":{"line":32,"column":40},"end":{"line":32,"column":70}},"6":{"start":{"line":35,"column":6},"end":{"line":35,"column":40}},"7":{"start":{"line":36,"column":6},"end":{"line":36,"column":13}},"8":{"start":{"line":38,"column":4},"end":{"line":38,"column":51}},"9":{"start":{"line":42,"column":4},"end":{"line":87,"column":5}},"10":{"start":{"line":43,"column":6},"end":{"line":56,"column":7}},"11":{"start":{"line":44,"column":8},"end":{"line":48,"column":9}},"12":{"start":{"line":45,"column":10},"end":{"line":45,"column":32}},"13":{"start":{"line":47,"column":10},"end":{"line":47,"column":64}},"14":{"start":{"line":51,"column":8},"end":{"line":55,"column":9}},"15":{"start":{"line":52,"column":10},"end":{"line":52,"column":32}},"16":{"start":{"line":54,"column":10},"end":{"line":54,"column":69}},"17":{"start":{"line":57,"column":11},"end":{"line":87,"column":5}},"18":{"start":{"line":58,"column":6},"end":{"line":71,"column":7}},"19":{"start":{"line":59,"column":8},"end":{"line":63,"column":9}},"20":{"start":{"line":60,"column":10},"end":{"line":60,"column":31}},"21":{"start":{"line":62,"column":10},"end":{"line":62,"column":65}},"22":{"start":{"line":66,"column":8},"end":{"line":70,"column":9}},"23":{"start":{"line":67,"column":10},"end":{"line":67,"column":31}},"24":{"start":{"line":69,"column":10},"end":{"line":69,"column":70}},"25":{"start":{"line":73,"column":6},"end":{"line":86,"column":7}},"26":{"start":{"line":74,"column":8},"end":{"line":78,"column":9}},"27":{"start":{"line":75,"column":10},"end":{"line":75,"column":33}},"28":{"start":{"line":77,"column":10},"end":{"line":77,"column":64}},"29":{"start":{"line":81,"column":8},"end":{"line":85,"column":9}},"30":{"start":{"line":82,"column":10},"end":{"line":82,"column":33}},"31":{"start":{"line":84,"column":10},"end":{"line":84,"column":69}},"32":{"start":{"line":91,"column":4},"end":{"line":136,"column":5}},"33":{"start":{"line":92,"column":6},"end":{"line":105,"column":7}},"34":{"start":{"line":93,"column":8},"end":{"line":97,"column":9}},"35":{"start":{"line":94,"column":10},"end":{"line":94,"column":32}},"36":{"start":{"line":96,"column":10},"end":{"line":96,"column":62}},"37":{"start":{"line":100,"column":8},"end":{"line":104,"column":9}},"38":{"start":{"line":101,"column":10},"end":{"line":101,"column":32}},"39":{"start":{"line":103,"column":10},"end":{"line":103,"column":67}},"40":{"start":{"line":106,"column":11},"end":{"line":136,"column":5}},"41":{"start":{"line":107,"column":6},"end":{"line":120,"column":7}},"42":{"start":{"line":108,"column":8},"end":{"line":112,"column":9}},"43":{"start":{"line":109,"column":10},"end":{"line":109,"column":31}},"44":{"start":{"line":111,"column":10},"end":{"line":111,"column":63}},"45":{"start":{"line":115,"column":8},"end":{"line":119,"column":9}},"46":{"start":{"line":116,"column":10},"end":{"line":116,"column":31}},"47":{"start":{"line":118,"column":10},"end":{"line":118,"column":68}},"48":{"start":{"line":122,"column":6},"end":{"line":135,"column":7}},"49":{"start":{"line":123,"column":8},"end":{"line":127,"column":9}},"50":{"start":{"line":124,"column":10},"end":{"line":124,"column":33}},"51":{"start":{"line":126,"column":10},"end":{"line":126,"column":62}},"52":{"start":{"line":130,"column":8},"end":{"line":134,"column":9}},"53":{"start":{"line":131,"column":10},"end":{"line":131,"column":33}},"54":{"start":{"line":133,"column":10},"end":{"line":133,"column":67}},"55":{"start":{"line":140,"column":4},"end":{"line":185,"column":5}},"56":{"start":{"line":141,"column":6},"end":{"line":154,"column":7}},"57":{"start":{"line":142,"column":8},"end":{"line":146,"column":9}},"58":{"start":{"line":143,"column":10},"end":{"line":143,"column":32}},"59":{"start":{"line":145,"column":10},"end":{"line":145,"column":71}},"60":{"start":{"line":149,"column":8},"end":{"line":153,"column":9}},"61":{"start":{"line":150,"column":10},"end":{"line":150,"column":32}},"62":{"start":{"line":152,"column":10},"end":{"line":152,"column":76}},"63":{"start":{"line":155,"column":11},"end":{"line":185,"column":5}},"64":{"start":{"line":156,"column":6},"end":{"line":169,"column":7}},"65":{"start":{"line":157,"column":8},"end":{"line":161,"column":9}},"66":{"start":{"line":158,"column":10},"end":{"line":158,"column":31}},"67":{"start":{"line":160,"column":10},"end":{"line":160,"column":72}},"68":{"start":{"line":164,"column":8},"end":{"line":168,"column":9}},"69":{"start":{"line":165,"column":10},"end":{"line":165,"column":31}},"70":{"start":{"line":167,"column":10},"end":{"line":167,"column":77}},"71":{"start":{"line":171,"column":6},"end":{"line":184,"column":7}},"72":{"start":{"line":172,"column":8},"end":{"line":176,"column":9}},"73":{"start":{"line":173,"column":10},"end":{"line":173,"column":33}},"74":{"start":{"line":175,"column":10},"end":{"line":175,"column":71}},"75":{"start":{"line":179,"column":8},"end":{"line":183,"column":9}},"76":{"start":{"line":180,"column":10},"end":{"line":180,"column":33}},"77":{"start":{"line":182,"column":10},"end":{"line":182,"column":76}},"78":{"start":{"line":189,"column":4},"end":{"line":234,"column":5}},"79":{"start":{"line":190,"column":6},"end":{"line":203,"column":7}},"80":{"start":{"line":191,"column":8},"end":{"line":195,"column":9}},"81":{"start":{"line":192,"column":10},"end":{"line":192,"column":32}},"82":{"start":{"line":194,"column":10},"end":{"line":194,"column":59}},"83":{"start":{"line":198,"column":8},"end":{"line":202,"column":9}},"84":{"start":{"line":199,"column":10},"end":{"line":199,"column":32}},"85":{"start":{"line":201,"column":10},"end":{"line":201,"column":64}},"86":{"start":{"line":204,"column":11},"end":{"line":234,"column":5}},"87":{"start":{"line":205,"column":6},"end":{"line":218,"column":7}},"88":{"start":{"line":206,"column":8},"end":{"line":210,"column":9}},"89":{"start":{"line":207,"column":10},"end":{"line":207,"column":31}},"90":{"start":{"line":209,"column":10},"end":{"line":209,"column":60}},"91":{"start":{"line":213,"column":8},"end":{"line":217,"column":9}},"92":{"start":{"line":214,"column":10},"end":{"line":214,"column":31}},"93":{"start":{"line":216,"column":10},"end":{"line":216,"column":65}},"94":{"start":{"line":220,"column":6},"end":{"line":233,"column":7}},"95":{"start":{"line":221,"column":8},"end":{"line":225,"column":9}},"96":{"start":{"line":222,"column":10},"end":{"line":222,"column":33}},"97":{"start":{"line":224,"column":10},"end":{"line":224,"column":59}},"98":{"start":{"line":228,"column":8},"end":{"line":232,"column":9}},"99":{"start":{"line":229,"column":10},"end":{"line":229,"column":33}},"100":{"start":{"line":231,"column":10},"end":{"line":231,"column":64}},"101":{"start":{"line":238,"column":4},"end":{"line":238,"column":34}},"102":{"start":{"line":242,"column":4},"end":{"line":242,"column":34}},"103":{"start":{"line":246,"column":4},"end":{"line":275,"column":6}}},"fnMap":{"0":{"name":"(anonymous_0)","decl":{"start":{"line":14,"column":2},"end":{"line":14,"column":3}},"loc":{"start":{"line":14,"column":21},"end":{"line":24,"column":3}},"line":14},"1":{"name":"(anonymous_1)","decl":{"start":{"line":26,"column":2},"end":{"line":26,"column":3}},"loc":{"start":{"line":26,"column":22},"end":{"line":39,"column":3}},"line":26},"2":{"name":"(anonymous_2)","decl":{"start":{"line":32,"column":33},"end":{"line":32,"column":34}},"loc":{"start":{"line":32,"column":40},"end":{"line":32,"column":70}},"line":32},"3":{"name":"(anonymous_3)","decl":{"start":{"line":41,"column":2},"end":{"line":41,"column":3}},"loc":{"start":{"line":41,"column":18},"end":{"line":88,"column":3}},"line":41},"4":{"name":"(anonymous_4)","decl":{"start":{"line":90,"column":2},"end":{"line":90,"column":3}},"loc":{"start":{"line":90,"column":18},"end":{"line":137,"column":3}},"line":90},"5":{"name":"(anonymous_5)","decl":{"start":{"line":139,"column":2},"end":{"line":139,"column":3}},"loc":{"start":{"line":139,"column":15},"end":{"line":186,"column":3}},"line":139},"6":{"name":"(anonymous_6)","decl":{"start":{"line":188,"column":2},"end":{"line":188,"column":3}},"loc":{"start":{"line":188,"column":10},"end":{"line":235,"column":3}},"line":188},"7":{"name":"(anonymous_7)","decl":{"start":{"line":237,"column":2},"end":{"line":237,"column":3}},"loc":{"start":{"line":237,"column":30},"end":{"line":239,"column":3}},"line":237},"8":{"name":"(anonymous_8)","decl":{"start":{"line":241,"column":2},"end":{"line":241,"column":3}},"loc":{"start":{"line":241,"column":30},"end":{"line":243,"column":3}},"line":241},"9":{"name":"(anonymous_9)","decl":{"start":{"line":245,"column":2},"end":{"line":245,"column":3}},"loc":{"start":{"line":245,"column":11},"end":{"line":276,"column":3}},"line":245}},"branchMap":{"0":{"loc":{"start":{"line":28,"column":4},"end":{"line":37,"column":5}},"type":"if","locations":[{"start":{"line":28,"column":4},"end":{"line":37,"column":5}},{"start":{"line":28,"column":4},"end":{"line":37,"column":5}}],"line":28},"1":{"loc":{"start":{"line":42,"column":4},"end":{"line":87,"column":5}},"type":"if","locations":[{"start":{"line":42,"column":4},"end":{"line":87,"column":5}},{"start":{"line":42,"column":4},"end":{"line":87,"column":5}}],"line":42},"2":{"loc":{"start":{"line":43,"column":6},"end":{"line":56,"column":7}},"type":"if","locations":[{"start":{"line":43,"column":6},"end":{"line":56,"column":7}},{"start":{"line":43,"column":6},"end":{"line":56,"column":7}}],"line":43},"3":{"loc":{"start":{"line":44,"column":8},"end":{"line":48,"column":9}},"type":"if","locations":[{"start":{"line":44,"column":8},"end":{"line":48,"column":9}},{"start":{"line":44,"column":8},"end":{"line":48,"column":9}}],"line":44},"4":{"loc":{"start":{"line":51,"column":8},"end":{"line":55,"column":9}},"type":"if","locations":[{"start":{"line":51,"column":8},"end":{"line":55,"column":9}},{"start":{"line":51,"column":8},"end":{"line":55,"column":9}}],"line":51},"5":{"loc":{"start":{"line":57,"column":11},"end":{"line":87,"column":5}},"type":"if","locations":[{"start":{"line":57,"column":11},"end":{"line":87,"column":5}},{"start":{"line":57,"column":11},"end":{"line":87,"column":5}}],"line":57},"6":{"loc":{"start":{"line":58,"column":6},"end":{"line":71,"column":7}},"type":"if","locations":[{"start":{"line":58,"column":6},"end":{"line":71,"column":7}},{"start":{"line":58,"column":6},"end":{"line":71,"column":7}}],"line":58},"7":{"loc":{"start":{"line":59,"column":8},"end":{"line":63,"column":9}},"type":"if","locations":[{"start":{"line":59,"column":8},"end":{"line":63,"column":9}},{"start":{"line":59,"column":8},"end":{"line":63,"column":9}}],"line":59},"8":{"loc":{"start":{"line":66,"column":8},"end":{"line":70,"column":9}},"type":"if","locations":[{"start":{"line":66,"column":8},"end":{"line":70,"column":9}},{"start":{"line":66,"column":8},"end":{"line":70,"column":9}}],"line":66},"9":{"loc":{"start":{"line":73,"column":6},"end":{"line":86,"column":7}},"type":"if","locations":[{"start":{"line":73,"column":6},"end":{"line":86,"column":7}},{"start":{"line":73,"column":6},"end":{"line":86,"column":7}}],"line":73},"10":{"loc":{"start":{"line":74,"column":8},"end":{"line":78,"column":9}},"type":"if","locations":[{"start":{"line":74,"column":8},"end":{"line":78,"column":9}},{"start":{"line":74,"column":8},"end":{"line":78,"column":9}}],"line":74},"11":{"loc":{"start":{"line":81,"column":8},"end":{"line":85,"column":9}},"type":"if","locations":[{"start":{"line":81,"column":8},"end":{"line":85,"column":9}},{"start":{"line":81,"column":8},"end":{"line":85,"column":9}}],"line":81},"12":{"loc":{"start":{"line":91,"column":4},"end":{"line":136,"column":5}},"type":"if","locations":[{"start":{"line":91,"column":4},"end":{"line":136,"column":5}},{"start":{"line":91,"column":4},"end":{"line":136,"column":5}}],"line":91},"13":{"loc":{"start":{"line":92,"column":6},"end":{"line":105,"column":7}},"type":"if","locations":[{"start":{"line":92,"column":6},"end":{"line":105,"column":7}},{"start":{"line":92,"column":6},"end":{"line":105,"column":7}}],"line":92},"14":{"loc":{"start":{"line":93,"column":8},"end":{"line":97,"column":9}},"type":"if","locations":[{"start":{"line":93,"column":8},"end":{"line":97,"column":9}},{"start":{"line":93,"column":8},"end":{"line":97,"column":9}}],"line":93},"15":{"loc":{"start":{"line":100,"column":8},"end":{"line":104,"column":9}},"type":"if","locations":[{"start":{"line":100,"column":8},"end":{"line":104,"column":9}},{"start":{"line":100,"column":8},"end":{"line":104,"column":9}}],"line":100},"16":{"loc":{"start":{"line":106,"column":11},"end":{"line":136,"column":5}},"type":"if","locations":[{"start":{"line":106,"column":11},"end":{"line":136,"column":5}},{"start":{"line":106,"column":11},"end":{"line":136,"column":5}}],"line":106},"17":{"loc":{"start":{"line":107,"column":6},"end":{"line":120,"column":7}},"type":"if","locations":[{"start":{"line":107,"column":6},"end":{"line":120,"column":7}},{"start":{"line":107,"column":6},"end":{"line":120,"column":7}}],"line":107},"18":{"loc":{"start":{"line":108,"column":8},"end":{"line":112,"column":9}},"type":"if","locations":[{"start":{"line":108,"column":8},"end":{"line":112,"column":9}},{"start":{"line":108,"column":8},"end":{"line":112,"column":9}}],"line":108},"19":{"loc":{"start":{"line":115,"column":8},"end":{"line":119,"column":9}},"type":"if","locations":[{"start":{"line":115,"column":8},"end":{"line":119,"column":9}},{"start":{"line":115,"column":8},"end":{"line":119,"column":9}}],"line":115},"20":{"loc":{"start":{"line":122,"column":6},"end":{"line":135,"column":7}},"type":"if","locations":[{"start":{"line":122,"column":6},"end":{"line":135,"column":7}},{"start":{"line":122,"column":6},"end":{"line":135,"column":7}}],"line":122},"21":{"loc":{"start":{"line":123,"column":8},"end":{"line":127,"column":9}},"type":"if","locations":[{"start":{"line":123,"column":8},"end":{"line":127,"column":9}},{"start":{"line":123,"column":8},"end":{"line":127,"column":9}}],"line":123},"22":{"loc":{"start":{"line":130,"column":8},"end":{"line":134,"column":9}},"type":"if","locations":[{"start":{"line":130,"column":8},"end":{"line":134,"column":9}},{"start":{"line":130,"column":8},"end":{"line":134,"column":9}}],"line":130},"23":{"loc":{"start":{"line":140,"column":4},"end":{"line":185,"column":5}},"type":"if","locations":[{"start":{"line":140,"column":4},"end":{"line":185,"column":5}},{"start":{"line":140,"column":4},"end":{"line":185,"column":5}}],"line":140},"24":{"loc":{"start":{"line":141,"column":6},"end":{"line":154,"column":7}},"type":"if","locations":[{"start":{"line":141,"column":6},"end":{"line":154,"column":7}},{"start":{"line":141,"column":6},"end":{"line":154,"column":7}}],"line":141},"25":{"loc":{"start":{"line":142,"column":8},"end":{"line":146,"column":9}},"type":"if","locations":[{"start":{"line":142,"column":8},"end":{"line":146,"column":9}},{"start":{"line":142,"column":8},"end":{"line":146,"column":9}}],"line":142},"26":{"loc":{"start":{"line":149,"column":8},"end":{"line":153,"column":9}},"type":"if","locations":[{"start":{"line":149,"column":8},"end":{"line":153,"column":9}},{"start":{"line":149,"column":8},"end":{"line":153,"column":9}}],"line":149},"27":{"loc":{"start":{"line":155,"column":11},"end":{"line":185,"column":5}},"type":"if","locations":[{"start":{"line":155,"column":11},"end":{"line":185,"column":5}},{"start":{"line":155,"column":11},"end":{"line":185,"column":5}}],"line":155},"28":{"loc":{"start":{"line":156,"column":6},"end":{"line":169,"column":7}},"type":"if","locations":[{"start":{"line":156,"column":6},"end":{"line":169,"column":7}},{"start":{"line":156,"column":6},"end":{"line":169,"column":7}}],"line":156},"29":{"loc":{"start":{"line":157,"column":8},"end":{"line":161,"column":9}},"type":"if","locations":[{"start":{"line":157,"column":8},"end":{"line":161,"column":9}},{"start":{"line":157,"column":8},"end":{"line":161,"column":9}}],"line":157},"30":{"loc":{"start":{"line":164,"column":8},"end":{"line":168,"column":9}},"type":"if","locations":[{"start":{"line":164,"column":8},"end":{"line":168,"column":9}},{"start":{"line":164,"column":8},"end":{"line":168,"column":9}}],"line":164},"31":{"loc":{"start":{"line":171,"column":6},"end":{"line":184,"column":7}},"type":"if","locations":[{"start":{"line":171,"column":6},"end":{"line":184,"column":7}},{"start":{"line":171,"column":6},"end":{"line":184,"column":7}}],"line":171},"32":{"loc":{"start":{"line":172,"column":8},"end":{"line":176,"column":9}},"type":"if","locations":[{"start":{"line":172,"column":8},"end":{"line":176,"column":9}},{"start":{"line":172,"column":8},"end":{"line":176,"column":9}}],"line":172},"33":{"loc":{"start":{"line":179,"column":8},"end":{"line":183,"column":9}},"type":"if","locations":[{"start":{"line":179,"column":8},"end":{"line":183,"column":9}},{"start":{"line":179,"column":8},"end":{"line":183,"column":9}}],"line":179},"34":{"loc":{"start":{"line":189,"column":4},"end":{"line":234,"column":5}},"type":"if","locations":[{"start":{"line":189,"column":4},"end":{"line":234,"column":5}},{"start":{"line":189,"column":4},"end":{"line":234,"column":5}}],"line":189},"35":{"loc":{"start":{"line":190,"column":6},"end":{"line":203,"column":7}},"type":"if","locations":[{"start":{"line":190,"column":6},"end":{"line":203,"column":7}},{"start":{"line":190,"column":6},"end":{"line":203,"column":7}}],"line":190},"36":{"loc":{"start":{"line":191,"column":8},"end":{"line":195,"column":9}},"type":"if","locations":[{"start":{"line":191,"column":8},"end":{"line":195,"column":9}},{"start":{"line":191,"column":8},"end":{"line":195,"column":9}}],"line":191},"37":{"loc":{"start":{"line":198,"column":8},"end":{"line":202,"column":9}},"type":"if","locations":[{"start":{"line":198,"column":8},"end":{"line":202,"column":9}},{"start":{"line":198,"column":8},"end":{"line":202,"column":9}}],"line":198},"38":{"loc":{"start":{"line":204,"column":11},"end":{"line":234,"column":5}},"type":"if","locations":[{"start":{"line":204,"column":11},"end":{"line":234,"column":5}},{"start":{"line":204,"column":11},"end":{"line":234,"column":5}}],"line":204},"39":{"loc":{"start":{"line":205,"column":6},"end":{"line":218,"column":7}},"type":"if","locations":[{"start":{"line":205,"column":6},"end":{"line":218,"column":7}},{"start":{"line":205,"column":6},"end":{"line":218,"column":7}}],"line":205},"40":{"loc":{"start":{"line":206,"column":8},"end":{"line":210,"column":9}},"type":"if","locations":[{"start":{"line":206,"column":8},"end":{"line":210,"column":9}},{"start":{"line":206,"column":8},"end":{"line":210,"column":9}}],"line":206},"41":{"loc":{"start":{"line":213,"column":8},"end":{"line":217,"column":9}},"type":"if","locations":[{"start":{"line":213,"column":8},"end":{"line":217,"column":9}},{"start":{"line":213,"column":8},"end":{"line":217,"column":9}}],"line":213},"42":{"loc":{"start":{"line":220,"column":6},"end":{"line":233,"column":7}},"type":"if","locations":[{"start":{"line":220,"column":6},"end":{"line":233,"column":7}},{"start":{"line":220,"column":6},"end":{"line":233,"column":7}}],"line":220},"43":{"loc":{"start":{"line":221,"column":8},"end":{"line":225,"column":9}},"type":"if","locations":[{"start":{"line":221,"column":8},"end":{"line":225,"column":9}},{"start":{"line":221,"column":8},"end":{"line":225,"column":9}}],"line":221},"44":{"loc":{"start":{"line":228,"column":8},"end":{"line":232,"column":9}},"type":"if","locations":[{"start":{"line":228,"column":8},"end":{"line":232,"column":9}},{"start":{"line":228,"column":8},"end":{"line":232,"column":9}}],"line":228},"45":{"loc":{"start":{"line":249,"column":11},"end":{"line":272,"column":19}},"type":"cond-expr","locations":[{"start":{"line":250,"column":12},"end":{"line":269,"column":19}},{"start":{"line":270,"column":14},"end":{"line":272,"column":19}}],"line":249},"46":{"loc":{"start":{"line":249,"column":11},"end":{"line":249,"column":44}},"type":"binary-expr","locations":[{"start":{"line":249,"column":11},"end":{"line":249,"column":21}},{"start":{"line":249,"column":25},"end":{"line":249,"column":44}}],"line":249}},"s":{"0":2,"1":2,"2":2,"3":2,"4":0,"5":0,"6":0,"7":0,"8":2,"9":14,"10":6,"11":4,"12":0,"13":4,"14":2,"15":2,"16":0,"17":8,"18":4,"19":2,"20":0,"21":2,"22":2,"23":0,"24":2,"25":4,"26":2,"27":0,"28":2,"29":2,"30":0,"31":2,"32":14,"33":6,"34":4,"35":0,"36":4,"37":2,"38":2,"39":0,"40":8,"41":4,"42":2,"43":0,"44":2,"45":2,"46":0,"47":2,"48":4,"49":2,"50":0,"51":2,"52":2,"53":0,"54":2,"55":14,"56":6,"57":4,"58":0,"59":4,"60":2,"61":2,"62":0,"63":8,"64":4,"65":2,"66":0,"67":2,"68":2,"69":0,"70":2,"71":4,"72":2,"73":0,"74":2,"75":2,"76":0,"77":2,"78":14,"79":6,"80":4,"81":0,"82":4,"83":2,"84":2,"85":0,"86":8,"87":4,"88":2,"89":0,"90":2,"91":2,"92":0,"93":2,"94":4,"95":2,"96":0,"97":2,"98":2,"99":0,"100":2,"101":6,"102":6,"103":16},"f":{"0":2,"1":2,"2":0,"3":14,"4":14,"5":14,"6":14,"7":6,"8":6,"9":16},"b":{"0":[0,2],"1":[6,8],"2":[4,2],"3":[0,4],"4":[2,0],"5":[4,4],"6":[2,2],"7":[0,2],"8":[0,2],"9":[2,2],"10":[0,2],"11":[0,2],"12":[6,8],"13":[4,2],"14":[0,4],"15":[2,0],"16":[4,4],"17":[2,2],"18":[0,2],"19":[0,2],"20":[2,2],"21":[0,2],"22":[0,2],"23":[6,8],"24":[4,2],"25":[0,4],"26":[2,0],"27":[4,4],"28":[2,2],"29":[0,2],"30":[0,2],"31":[2,2],"32":[0,2],"33":[0,2],"34":[6,8],"35":[4,2],"36":[0,4],"37":[2,0],"38":[4,4],"39":[2,2],"40":[0,2],"41":[0,2],"42":[2,2],"43":[0,2],"44":[0,2],"45":[14,2],"46":[16,16]},"_coverageSchema":"43e27e138ebf9cfc5966b082cf9a028302ed4184","hash":"a312e181a57ec551553072d705efbf91b6b30cc7"}
,"/Users/connorblazek/Documents/GitHub/AssistFortnite/screens/WeekScreen.js": {"path":"/Users/connorblazek/Documents/GitHub/AssistFortnite/screens/WeekScreen.js","statementMap":{"0":{"start":{"line":8,"column":16},"end":{"line":8,"column":73}},"1":{"start":{"line":9,"column":4},"end":{"line":11,"column":6}},"2":{"start":{"line":14,"column":4},"end":{"line":14,"column":17}},"3":{"start":{"line":15,"column":4},"end":{"line":19,"column":6}},"4":{"start":{"line":22,"column":15},"end":{"line":22,"column":81}},"5":{"start":{"line":23,"column":24},"end":{"line":23,"column":103}},"6":{"start":{"line":24,"column":25},"end":{"line":24,"column":64}},"7":{"start":{"line":26,"column":4},"end":{"line":30,"column":6}},"8":{"start":{"line":34,"column":4},"end":{"line":51,"column":5}},"9":{"start":{"line":39,"column":35},"end":{"line":39,"column":93}},"10":{"start":{"line":41,"column":43},"end":{"line":41,"column":59}}},"fnMap":{"0":{"name":"(anonymous_0)","decl":{"start":{"line":7,"column":29},"end":{"line":7,"column":30}},"loc":{"start":{"line":7,"column":49},"end":{"line":12,"column":3}},"line":7},"1":{"name":"(anonymous_1)","decl":{"start":{"line":13,"column":2},"end":{"line":13,"column":3}},"loc":{"start":{"line":13,"column":21},"end":{"line":20,"column":3}},"line":13},"2":{"name":"(anonymous_2)","decl":{"start":{"line":21,"column":2},"end":{"line":21,"column":3}},"loc":{"start":{"line":21,"column":22},"end":{"line":31,"column":3}},"line":21},"3":{"name":"(anonymous_3)","decl":{"start":{"line":33,"column":2},"end":{"line":33,"column":3}},"loc":{"start":{"line":33,"column":11},"end":{"line":52,"column":3}},"line":33},"4":{"name":"(anonymous_4)","decl":{"start":{"line":39,"column":24},"end":{"line":39,"column":25}},"loc":{"start":{"line":39,"column":35},"end":{"line":39,"column":93}},"line":39},"5":{"name":"(anonymous_5)","decl":{"start":{"line":41,"column":26},"end":{"line":41,"column":27}},"loc":{"start":{"line":41,"column":43},"end":{"line":41,"column":59}},"line":41}},"branchMap":{"0":{"loc":{"start":{"line":45,"column":9},"end":{"line":48,"column":17}},"type":"binary-expr","locations":[{"start":{"line":45,"column":9},"end":{"line":45,"column":27}},{"start":{"line":46,"column":10},"end":{"line":48,"column":17}}],"line":45}},"s":{"0":0,"1":0,"2":1,"3":1,"4":1,"5":1,"6":1,"7":1,"8":2,"9":0,"10":10},"f":{"0":0,"1":1,"2":1,"3":2,"4":0,"5":10},"b":{"0":[2,1]},"_coverageSchema":"43e27e138ebf9cfc5966b082cf9a028302ed4184","hash":"ffb07443d39b34973f004e6b1386bbde011e0092"}
,"/Users/connorblazek/Documents/GitHub/AssistFortnite/screens/WeeklyChallengesScreen.js": {"path":"/Users/connorblazek/Documents/GitHub/AssistFortnite/screens/WeeklyChallengesScreen.js","statementMap":{"0":{"start":{"line":13,"column":4},"end":{"line":13,"column":17}},"1":{"start":{"line":14,"column":21},"end":{"line":14,"column":84}},"2":{"start":{"line":14,"column":73},"end":{"line":14,"column":82}},"3":{"start":{"line":15,"column":4},"end":{"line":18,"column":6}},"4":{"start":{"line":21,"column":17},"end":{"line":21,"column":26}},"5":{"start":{"line":22,"column":4},"end":{"line":33,"column":6}},"6":{"start":{"line":23,"column":6},"end":{"line":31,"column":7}},"7":{"start":{"line":24,"column":8},"end":{"line":29,"column":32}},"8":{"start":{"line":27,"column":40},"end":{"line":27,"column":65}},"9":{"start":{"line":30,"column":8},"end":{"line":30,"column":15}},"10":{"start":{"line":32,"column":6},"end":{"line":32,"column":44}},"11":{"start":{"line":37,"column":4},"end":{"line":41,"column":5}},"12":{"start":{"line":38,"column":6},"end":{"line":38,"column":63}},"13":{"start":{"line":40,"column":6},"end":{"line":40,"column":101}},"14":{"start":{"line":45,"column":4},"end":{"line":64,"column":5}},"15":{"start":{"line":50,"column":36},"end":{"line":53,"column":21}}},"fnMap":{"0":{"name":"(anonymous_0)","decl":{"start":{"line":12,"column":2},"end":{"line":12,"column":3}},"loc":{"start":{"line":12,"column":21},"end":{"line":34,"column":3}},"line":12},"1":{"name":"(anonymous_1)","decl":{"start":{"line":14,"column":61},"end":{"line":14,"column":62}},"loc":{"start":{"line":14,"column":73},"end":{"line":14,"column":82}},"line":14},"2":{"name":"(anonymous_2)","decl":{"start":{"line":22,"column":31},"end":{"line":22,"column":32}},"loc":{"start":{"line":22,"column":48},"end":{"line":33,"column":5}},"line":22},"3":{"name":"(anonymous_3)","decl":{"start":{"line":27,"column":34},"end":{"line":27,"column":35}},"loc":{"start":{"line":27,"column":40},"end":{"line":27,"column":65}},"line":27},"4":{"name":"(anonymous_4)","decl":{"start":{"line":36,"column":2},"end":{"line":36,"column":3}},"loc":{"start":{"line":36,"column":27},"end":{"line":42,"column":3}},"line":36},"5":{"name":"(anonymous_5)","decl":{"start":{"line":44,"column":2},"end":{"line":44,"column":3}},"loc":{"start":{"line":44,"column":11},"end":{"line":65,"column":3}},"line":44},"6":{"name":"(anonymous_6)","decl":{"start":{"line":50,"column":23},"end":{"line":50,"column":24}},"loc":{"start":{"line":50,"column":36},"end":{"line":53,"column":21}},"line":50}},"branchMap":{"0":{"loc":{"start":{"line":23,"column":6},"end":{"line":31,"column":7}},"type":"if","locations":[{"start":{"line":23,"column":6},"end":{"line":31,"column":7}},{"start":{"line":23,"column":6},"end":{"line":31,"column":7}}],"line":23},"1":{"loc":{"start":{"line":37,"column":4},"end":{"line":41,"column":5}},"type":"if","locations":[{"start":{"line":37,"column":4},"end":{"line":41,"column":5}},{"start":{"line":37,"column":4},"end":{"line":41,"column":5}}],"line":37},"2":{"loc":{"start":{"line":58,"column":9},"end":{"line":61,"column":17}},"type":"binary-expr","locations":[{"start":{"line":58,"column":9},"end":{"line":58,"column":27}},{"start":{"line":59,"column":10},"end":{"line":61,"column":17}}],"line":58}},"s":{"0":2,"1":2,"2":0,"3":2,"4":2,"5":2,"6":2,"7":0,"8":0,"9":0,"10":2,"11":2,"12":1,"13":1,"14":2,"15":0},"f":{"0":2,"1":0,"2":2,"3":0,"4":2,"5":2,"6":0},"b":{"0":[0,2],"1":[1,1],"2":[2,0]},"_coverageSchema":"43e27e138ebf9cfc5966b082cf9a028302ed4184","hash":"7f4424141066f1c861d69e86314e5bcb5872f438"}
}
