TN:
SF:C:\Users\ahmad\Desktop\React\AssistFortnite\FirebaseConfig.js
FNF:0
FNH:0
DA:1,1
DA:2,1
DA:3,1
DA:4,1
DA:5,1
DA:6,1
LF:6
LH:6
BRF:0
BRH:0
end_of_record
TN:
SF:C:\Users\ahmad\Desktop\React\AssistFortnite\api.js
FN:4,getDailyStore
FN:6,(anonymous_1)
FN:8,(anonymous_2)
FN:13,getUserStats
FN:16,(anonymous_4)
FN:18,(anonymous_5)
FN:23,getChallenges
FN:25,(anonymous_7)
FN:27,(anonymous_8)
FN:32,getUpcomingItems
FN:34,(anonymous_10)
FN:36,(anonymous_11)
FN:41,getWeapons
FN:43,(anonymous_13)
FN:45,(anonymous_14)
FN:50,getServerStatus
FN:52,(anonymous_16)
FN:54,(anonymous_17)
FNF:18
FNH:0
FNDA:0,getDailyStore
FNDA:0,(anonymous_1)
FNDA:0,(anonymous_2)
FNDA:0,getUserStats
FNDA:0,(anonymous_4)
FNDA:0,(anonymous_5)
FNDA:0,getChallenges
FNDA:0,(anonymous_7)
FNDA:0,(anonymous_8)
FNDA:0,getUpcomingItems
FNDA:0,(anonymous_10)
FNDA:0,(anonymous_11)
FNDA:0,getWeapons
FNDA:0,(anonymous_13)
FNDA:0,(anonymous_14)
FNDA:0,getServerStatus
FNDA:0,(anonymous_16)
FNDA:0,(anonymous_17)
DA:2,1
DA:5,0
DA:6,0
DA:7,0
DA:9,0
DA:14,0
DA:17,0
DA:19,0
DA:24,0
DA:26,0
DA:28,0
DA:33,0
DA:35,0
DA:37,0
DA:42,0
DA:43,0
DA:44,0
DA:46,0
DA:51,0
DA:52,0
DA:53,0
DA:55,0
LF:22
LH:1
BRF:0
BRH:0
end_of_record
TN:
SF:C:\Users\ahmad\Desktop\React\AssistFortnite\fire.js
FNF:0
FNH:0
DA:1,1
DA:3,1
DA:7,1
DA:16,1
LF:4
LH:4
BRF:0
BRH:0
end_of_record
TN:
SF:C:\Users\ahmad\Desktop\React\AssistFortnite\styles.js
FNF:0
FNH:0
LF:0
LH:0
BRF:0
BRH:0
end_of_record
TN:
SF:C:\Users\ahmad\Desktop\React\AssistFortnite\assets\__mockAPI.js
FNF:0
FNH:0
DA:1,1
DA:2,1
DA:3,1
DA:4,1
DA:5,1
LF:5
LH:5
BRF:0
BRH:0
end_of_record
TN:
SF:C:\Users\ahmad\Desktop\React\AssistFortnite\assets\images\Block.jpg
FNF:0
FNH:0
DA:1,1
LF:1
LH:1
BRF:0
BRH:0
end_of_record
TN:
SF:C:\Users\ahmad\Desktop\React\AssistFortnite\assets\images\Castle.jpg
FNF:0
FNH:0
DA:1,1
LF:1
LH:1
BRF:0
BRH:0
end_of_record
TN:
SF:C:\Users\ahmad\Desktop\React\AssistFortnite\assets\images\Disco.jpg
FNF:0
FNH:0
DA:1,1
LF:1
LH:1
BRF:0
BRH:0
end_of_record
TN:
SF:C:\Users\ahmad\Desktop\React\AssistFortnite\assets\images\Dusty.jpg
FNF:0
FNH:0
DA:1,1
LF:1
LH:1
BRF:0
BRH:0
end_of_record
TN:
SF:C:\Users\ahmad\Desktop\React\AssistFortnite\assets\images\Fatal.jpg
FNF:0
FNH:0
DA:1,1
LF:1
LH:1
BRF:0
BRH:0
end_of_record
TN:
SF:C:\Users\ahmad\Desktop\React\AssistFortnite\assets\images\Frosty.jpg
FNF:0
FNH:0
DA:1,1
LF:1
LH:1
BRF:0
BRH:0
end_of_record
TN:
SF:C:\Users\ahmad\Desktop\React\AssistFortnite\assets\images\Happy.jpg
FNF:0
FNH:0
DA:1,1
LF:1
LH:1
BRF:0
BRH:0
end_of_record
TN:
SF:C:\Users\ahmad\Desktop\React\AssistFortnite\assets\images\Haunted.jpg
FNF:0
FNH:0
DA:1,1
LF:1
LH:1
BRF:0
BRH:0
end_of_record
TN:
SF:C:\Users\ahmad\Desktop\React\AssistFortnite\assets\images\Junk.jpg
FNF:0
FNH:0
DA:1,1
LF:1
LH:1
BRF:0
BRH:0
end_of_record
TN:
SF:C:\Users\ahmad\Desktop\React\AssistFortnite\assets\images\Lazy.jpg
FNF:0
FNH:0
DA:1,1
LF:1
LH:1
BRF:0
BRH:0
end_of_record
TN:
SF:C:\Users\ahmad\Desktop\React\AssistFortnite\assets\images\Lonely.jpg
FNF:0
FNH:0
DA:1,1
LF:1
LH:1
BRF:0
BRH:0
end_of_record
TN:
SF:C:\Users\ahmad\Desktop\React\AssistFortnite\assets\images\Loot.jpg
FNF:0
FNH:0
DA:1,1
LF:1
LH:1
BRF:0
BRH:0
end_of_record
TN:
SF:C:\Users\ahmad\Desktop\React\AssistFortnite\assets\images\Lucky.jpg
FNF:0
FNH:0
DA:1,1
LF:1
LH:1
BRF:0
BRH:0
end_of_record
TN:
SF:C:\Users\ahmad\Desktop\React\AssistFortnite\assets\images\Mansion.jpg
FNF:0
FNH:0
DA:1,1
LF:1
LH:1
BRF:0
BRH:0
end_of_record
TN:
SF:C:\Users\ahmad\Desktop\React\AssistFortnite\assets\images\Paradise.jpg
FNF:0
FNH:0
DA:1,1
LF:1
LH:1
BRF:0
BRH:0
end_of_record
TN:
SF:C:\Users\ahmad\Desktop\React\AssistFortnite\assets\images\Polar.jpg
FNF:0
FNH:0
DA:1,1
LF:1
LH:1
BRF:0
BRH:0
end_of_record
TN:
SF:C:\Users\ahmad\Desktop\React\AssistFortnite\assets\images\RV.jpg
FNF:0
FNH:0
DA:1,1
LF:1
LH:1
BRF:0
BRH:0
end_of_record
TN:
SF:C:\Users\ahmad\Desktop\React\AssistFortnite\assets\images\Retail.jpg
FNF:0
FNH:0
DA:1,1
LF:1
LH:1
BRF:0
BRH:0
end_of_record
TN:
SF:C:\Users\ahmad\Desktop\React\AssistFortnite\assets\images\Salty.jpg
FNF:0
FNH:0
DA:1,1
LF:1
LH:1
BRF:0
BRH:0
end_of_record
TN:
SF:C:\Users\ahmad\Desktop\React\AssistFortnite\assets\images\Shifty.jpg
FNF:0
FNH:0
DA:1,1
LF:1
LH:1
BRF:0
BRH:0
end_of_record
TN:
SF:C:\Users\ahmad\Desktop\React\AssistFortnite\assets\images\Snobby.jpg
FNF:0
FNH:0
DA:1,1
LF:1
LH:1
BRF:0
BRH:0
end_of_record
TN:
SF:C:\Users\ahmad\Desktop\React\AssistFortnite\assets\images\Soccer.jpg
FNF:0
FNH:0
DA:1,1
LF:1
LH:1
BRF:0
BRH:0
end_of_record
TN:
SF:C:\Users\ahmad\Desktop\React\AssistFortnite\assets\images\Spot.jpg
FNF:0
FNH:0
DA:1,1
LF:1
LH:1
BRF:0
BRH:0
end_of_record
TN:
SF:C:\Users\ahmad\Desktop\React\AssistFortnite\assets\images\Sunny.jpg
FNF:0
FNH:0
DA:1,1
LF:1
LH:1
BRF:0
BRH:0
end_of_record
TN:
SF:C:\Users\ahmad\Desktop\React\AssistFortnite\assets\images\Tilted.jpg
FNF:0
FNH:0
DA:1,1
LF:1
LH:1
BRF:0
BRH:0
end_of_record
TN:
SF:C:\Users\ahmad\Desktop\React\AssistFortnite\assets\images\Volcano.jpg
FNF:0
FNH:0
DA:1,1
LF:1
LH:1
BRF:0
BRH:0
end_of_record
TN:
SF:C:\Users\ahmad\Desktop\React\AssistFortnite\assets\images\background.jpg
FNF:0
FNH:0
DA:1,1
LF:1
LH:1
BRF:0
BRH:0
end_of_record
TN:
SF:C:\Users\ahmad\Desktop\React\AssistFortnite\components\ButtonBar.js
FN:7,(anonymous_0)
FN:15,(anonymous_1)
FN:16,(anonymous_2)
FN:19,(anonymous_3)
FN:20,(anonymous_4)
FN:24,(anonymous_5)
FN:46,(anonymous_6)
FN:88,(anonymous_7)
FN:94,(anonymous_8)
FN:102,(anonymous_9)
FN:112,(anonymous_10)
FN:120,(anonymous_11)
FN:128,(anonymous_12)
FNF:13
FNH:4
FNDA:1,(anonymous_0)
FNDA:0,(anonymous_1)
FNDA:0,(anonymous_2)
FNDA:0,(anonymous_3)
FNDA:0,(anonymous_4)
FNDA:2,(anonymous_5)
FNDA:3,(anonymous_6)
FNDA:1,(anonymous_7)
FNDA:0,(anonymous_8)
FNDA:0,(anonymous_9)
FNDA:0,(anonymous_10)
FNDA:0,(anonymous_11)
FNDA:0,(anonymous_12)
DA:8,1
DA:9,1
DA:16,0
DA:20,0
DA:25,2
DA:26,1
DA:27,1
DA:33,0
DA:40,1
DA:47,3
DA:48,1
DA:49,0
DA:57,1
DA:65,2
DA:66,1
DA:67,1
DA:74,0
DA:82,1
DA:89,1
DA:94,0
DA:102,0
DA:112,0
DA:120,0
DA:128,0
LF:24
LH:14
BRDA:25,0,0,1
BRDA:25,0,1,1
BRDA:26,1,0,1
BRDA:26,1,1,0
BRDA:47,2,0,1
BRDA:47,2,1,2
BRDA:48,3,0,0
BRDA:48,3,1,1
BRDA:65,4,0,1
BRDA:65,4,1,1
BRDA:66,5,0,1
BRDA:66,5,1,0
BRF:12
BRH:9
end_of_record
TN:
SF:C:\Users\ahmad\Desktop\React\AssistFortnite\screens\HomeScreen.js
FN:15,(anonymous_0)
FN:24,(anonymous_1)
FN:30,(anonymous_2)
FN:31,(anonymous_3)
FN:36,(anonymous_4)
FN:41,(anonymous_5)
FN:53,(anonymous_6)
FN:57,(anonymous_7)
FN:79,(anonymous_8)
FN:80,(anonymous_9)
FN:85,(anonymous_10)
FN:89,(anonymous_11)
FN:95,(anonymous_12)
FN:101,(anonymous_13)
FN:106,(anonymous_14)
FN:118,(anonymous_15)
FN:138,(anonymous_16)
FN:142,(anonymous_17)
FN:146,(anonymous_18)
FN:150,(anonymous_19)
FN:154,(anonymous_20)
FN:158,(anonymous_21)
FN:161,(anonymous_22)
FN:164,(anonymous_23)
FN:168,(anonymous_24)
FN:190,(anonymous_25)
FN:202,(anonymous_26)
FN:213,(anonymous_27)
FN:228,(anonymous_28)
FN:238,(anonymous_29)
FN:251,(anonymous_30)
FN:262,(anonymous_31)
FN:275,(anonymous_32)
FN:285,(anonymous_33)
FN:298,(anonymous_34)
FN:309,(anonymous_35)
FNF:36
FNH:28
FNDA:2,(anonymous_0)
FNDA:2,(anonymous_1)
FNDA:2,(anonymous_2)
FNDA:2,(anonymous_3)
FNDA:0,(anonymous_4)
FNDA:2,(anonymous_5)
FNDA:0,(anonymous_6)
FNDA:0,(anonymous_7)
FNDA:0,(anonymous_8)
FNDA:0,(anonymous_9)
FNDA:1,(anonymous_10)
FNDA:1,(anonymous_11)
FNDA:0,(anonymous_12)
FNDA:1,(anonymous_13)
FNDA:0,(anonymous_14)
FNDA:3,(anonymous_15)
FNDA:1,(anonymous_16)
FNDA:1,(anonymous_17)
FNDA:1,(anonymous_18)
FNDA:1,(anonymous_19)
FNDA:1,(anonymous_20)
FNDA:1,(anonymous_21)
FNDA:1,(anonymous_22)
FNDA:1,(anonymous_23)
FNDA:10,(anonymous_24)
FNDA:1,(anonymous_25)
FNDA:0,(anonymous_26)
FNDA:1,(anonymous_27)
FNDA:1,(anonymous_28)
FNDA:1,(anonymous_29)
FNDA:1,(anonymous_30)
FNDA:1,(anonymous_31)
FNDA:1,(anonymous_32)
FNDA:1,(anonymous_33)
FNDA:1,(anonymous_34)
FNDA:1,(anonymous_35)
DA:16,2
DA:17,2
DA:24,2
DA:25,2
DA:26,0
DA:31,2
DA:32,2
DA:33,0
DA:36,0
DA:41,2
DA:42,2
DA:43,2
DA:44,2
DA:46,0
DA:51,2
DA:52,0
DA:53,0
DA:58,0
DA:61,0
DA:62,0
DA:64,0
DA:65,0
DA:67,0
DA:68,0
DA:71,0
DA:75,0
DA:76,0
DA:79,0
DA:81,0
DA:86,1
DA:90,1
DA:91,1
DA:92,0
DA:95,0
DA:98,0
DA:99,0
DA:101,1
DA:102,1
DA:103,0
DA:106,0
DA:109,0
DA:110,0
DA:112,1
DA:113,1
DA:119,3
DA:121,1
DA:124,1
DA:126,1
DA:129,1
DA:131,1
DA:134,1
DA:139,1
DA:143,1
DA:147,1
DA:151,1
DA:155,1
DA:159,1
DA:162,1
DA:165,1
DA:169,10
DA:190,1
DA:203,0
DA:213,1
DA:228,1
DA:238,1
DA:251,1
DA:262,1
DA:275,1
DA:285,1
DA:298,1
DA:309,1
LF:71
LH:44
BRDA:25,0,0,0
BRDA:25,0,1,2
BRDA:32,1,0,0
BRDA:32,1,1,0
BRDA:42,2,0,2
BRDA:42,2,1,0
BRDA:43,3,0,2
BRDA:43,3,1,0
BRDA:51,4,0,0
BRDA:51,4,1,2
BRDA:62,5,0,0
BRDA:62,5,1,0
BRDA:67,6,0,0
BRDA:67,6,1,0
BRDA:91,7,0,0
BRDA:91,7,1,1
BRDA:102,8,0,0
BRDA:102,8,1,1
BRDA:119,9,0,1
BRDA:119,9,1,1
BRDA:119,9,2,1
BRDA:321,10,0,10
BRDA:321,10,1,2
BRF:23
BRH:11
end_of_record
TN:
SF:C:\Users\ahmad\Desktop\React\AssistFortnite\screens\ItemShopScreen.js
FN:13,(anonymous_0)
FN:22,(anonymous_1)
FN:23,(anonymous_2)
FN:24,(anonymous_3)
FN:39,(anonymous_4)
FN:46,(anonymous_5)
FN:59,(anonymous_6)
FN:61,(anonymous_7)
FN:75,(anonymous_8)
FN:77,(anonymous_9)
FNF:10
FNH:8
FNDA:1,(anonymous_0)
FNDA:1,(anonymous_1)
FNDA:1,(anonymous_2)
FNDA:13,(anonymous_3)
FNDA:1,(anonymous_4)
FNDA:15,(anonymous_5)
FNDA:6,(anonymous_6)
FNDA:0,(anonymous_7)
FNDA:7,(anonymous_8)
FNDA:0,(anonymous_9)
DA:14,1
DA:15,1
DA:23,1
DA:24,1
DA:25,13
DA:26,7
DA:30,6
DA:35,1
DA:40,1
DA:41,1
DA:42,1
DA:47,15
DA:59,6
DA:62,0
DA:75,7
DA:78,0
LF:16
LH:14
BRDA:25,0,0,7
BRDA:25,0,1,6
BRDA:50,1,0,1
BRDA:50,1,1,14
BRDA:50,2,0,15
BRDA:50,2,1,15
BRF:6
BRH:6
end_of_record
TN:
SF:C:\Users\ahmad\Desktop\React\AssistFortnite\screens\RandomDropGeneratorScreen.js
FN:40,(anonymous_0)
FN:48,(anonymous_1)
FN:96,(anonymous_2)
FN:126,(anonymous_3)
FNF:4
FNH:4
FNDA:2,(anonymous_0)
FNDA:1,(anonymous_1)
FNDA:3,(anonymous_2)
FNDA:1,(anonymous_3)
DA:41,2
DA:42,2
DA:50,1
DA:78,1
DA:87,1
DA:88,1
DA:90,1
DA:97,3
DA:126,1
LF:9
LH:9
BRF:0
BRH:0
end_of_record
TN:
SF:C:\Users\ahmad\Desktop\React\AssistFortnite\screens\StatTrackerScreen.js
FN:14,(anonymous_0)
FN:26,(anonymous_1)
FN:32,(anonymous_2)
FN:41,(anonymous_3)
FN:90,(anonymous_4)
FN:139,(anonymous_5)
FN:188,(anonymous_6)
FN:237,(anonymous_7)
FN:241,(anonymous_8)
FN:245,(anonymous_9)
FNF:10
FNH:9
FNDA:2,(anonymous_0)
FNDA:2,(anonymous_1)
FNDA:0,(anonymous_2)
FNDA:14,(anonymous_3)
FNDA:14,(anonymous_4)
FNDA:14,(anonymous_5)
FNDA:14,(anonymous_6)
FNDA:6,(anonymous_7)
FNDA:6,(anonymous_8)
FNDA:16,(anonymous_9)
DA:15,2
DA:16,2
DA:27,2
DA:28,2
DA:29,0
DA:32,0
DA:35,0
DA:36,0
DA:38,2
DA:42,14
DA:43,6
DA:44,4
DA:45,0
DA:47,4
DA:51,2
DA:52,2
DA:54,0
DA:57,8
DA:58,4
DA:59,2
DA:60,0
DA:62,2
DA:66,2
DA:67,0
DA:69,2
DA:73,4
DA:74,2
DA:75,0
DA:77,2
DA:81,2
DA:82,0
DA:84,2
DA:91,14
DA:92,6
DA:93,4
DA:94,0
DA:96,4
DA:100,2
DA:101,2
DA:103,0
DA:106,8
DA:107,4
DA:108,2
DA:109,0
DA:111,2
DA:115,2
DA:116,0
DA:118,2
DA:122,4
DA:123,2
DA:124,0
DA:126,2
DA:130,2
DA:131,0
DA:133,2
DA:140,14
DA:141,6
DA:142,4
DA:143,0
DA:145,4
DA:149,2
DA:150,2
DA:152,0
DA:155,8
DA:156,4
DA:157,2
DA:158,0
DA:160,2
DA:164,2
DA:165,0
DA:167,2
DA:171,4
DA:172,2
DA:173,0
DA:175,2
DA:179,2
DA:180,0
DA:182,2
DA:189,14
DA:190,6
DA:191,4
DA:192,0
DA:194,4
DA:198,2
DA:199,2
DA:201,0
DA:204,8
DA:205,4
DA:206,2
DA:207,0
DA:209,2
DA:213,2
DA:214,0
DA:216,2
DA:220,4
DA:221,2
DA:222,0
DA:224,2
DA:228,2
DA:229,0
DA:231,2
DA:238,6
DA:242,6
DA:246,16
LF:104
LH:76
BRDA:28,0,0,0
BRDA:28,0,1,2
BRDA:42,1,0,6
BRDA:42,1,1,8
BRDA:43,2,0,4
BRDA:43,2,1,2
BRDA:44,3,0,0
BRDA:44,3,1,4
BRDA:51,4,0,2
BRDA:51,4,1,0
BRDA:57,5,0,4
BRDA:57,5,1,4
BRDA:58,6,0,2
BRDA:58,6,1,2
BRDA:59,7,0,0
BRDA:59,7,1,2
BRDA:66,8,0,0
BRDA:66,8,1,2
BRDA:73,9,0,2
BRDA:73,9,1,2
BRDA:74,10,0,0
BRDA:74,10,1,2
BRDA:81,11,0,0
BRDA:81,11,1,2
BRDA:91,12,0,6
BRDA:91,12,1,8
BRDA:92,13,0,4
BRDA:92,13,1,2
BRDA:93,14,0,0
BRDA:93,14,1,4
BRDA:100,15,0,2
BRDA:100,15,1,0
BRDA:106,16,0,4
BRDA:106,16,1,4
BRDA:107,17,0,2
BRDA:107,17,1,2
BRDA:108,18,0,0
BRDA:108,18,1,2
BRDA:115,19,0,0
BRDA:115,19,1,2
BRDA:122,20,0,2
BRDA:122,20,1,2
BRDA:123,21,0,0
BRDA:123,21,1,2
BRDA:130,22,0,0
BRDA:130,22,1,2
BRDA:140,23,0,6
BRDA:140,23,1,8
BRDA:141,24,0,4
BRDA:141,24,1,2
BRDA:142,25,0,0
BRDA:142,25,1,4
BRDA:149,26,0,2
BRDA:149,26,1,0
BRDA:155,27,0,4
BRDA:155,27,1,4
BRDA:156,28,0,2
BRDA:156,28,1,2
BRDA:157,29,0,0
BRDA:157,29,1,2
BRDA:164,30,0,0
BRDA:164,30,1,2
BRDA:171,31,0,2
BRDA:171,31,1,2
BRDA:172,32,0,0
BRDA:172,32,1,2
BRDA:179,33,0,0
BRDA:179,33,1,2
BRDA:189,34,0,6
BRDA:189,34,1,8
BRDA:190,35,0,4
BRDA:190,35,1,2
BRDA:191,36,0,0
BRDA:191,36,1,4
BRDA:198,37,0,2
BRDA:198,37,1,0
BRDA:204,38,0,4
BRDA:204,38,1,4
BRDA:205,39,0,2
BRDA:205,39,1,2
BRDA:206,40,0,0
BRDA:206,40,1,2
BRDA:213,41,0,0
BRDA:213,41,1,2
BRDA:220,42,0,2
BRDA:220,42,1,2
BRDA:221,43,0,0
BRDA:221,43,1,2
BRDA:228,44,0,0
BRDA:228,44,1,2
BRDA:249,45,0,14
BRDA:249,45,1,2
BRDA:249,46,0,16
BRDA:249,46,1,16
BRF:94
BRH:69
end_of_record
TN:
SF:C:\Users\ahmad\Desktop\React\AssistFortnite\screens\WeekScreen.js
FN:7,(anonymous_0)
FN:13,(anonymous_1)
FN:21,(anonymous_2)
FN:33,(anonymous_3)
FN:39,(anonymous_4)
FN:41,(anonymous_5)
FNF:6
FNH:4
FNDA:0,(anonymous_0)
FNDA:1,(anonymous_1)
FNDA:1,(anonymous_2)
FNDA:2,(anonymous_3)
FNDA:0,(anonymous_4)
FNDA:10,(anonymous_5)
DA:8,0
DA:9,0
DA:14,1
DA:15,1
DA:22,1
DA:23,1
DA:24,1
DA:26,1
DA:34,2
DA:39,0
DA:41,10
LF:11
LH:8
BRDA:45,0,0,2
BRDA:45,0,1,1
BRF:2
BRH:2
end_of_record
TN:
SF:C:\Users\ahmad\Desktop\React\AssistFortnite\screens\WeeklyChallengesScreen.js
FN:12,(anonymous_0)
FN:14,(anonymous_1)
FN:22,(anonymous_2)
FN:27,(anonymous_3)
FN:37,(anonymous_4)
FN:45,(anonymous_5)
FN:51,(anonymous_6)
FNF:7
FNH:4
FNDA:2,(anonymous_0)
FNDA:0,(anonymous_1)
FNDA:2,(anonymous_2)
FNDA:0,(anonymous_3)
FNDA:2,(anonymous_4)
FNDA:2,(anonymous_5)
FNDA:0,(anonymous_6)
DA:13,2
DA:14,2
DA:15,2
DA:21,2
DA:22,2
DA:23,2
DA:24,0
DA:27,0
DA:30,0
DA:32,2
DA:38,2
DA:39,1
DA:41,1
DA:46,2
DA:51,0
LF:15
LH:11
BRDA:23,0,0,0
BRDA:23,0,1,2
BRDA:38,1,0,1
BRDA:38,1,1,1
BRF:4
BRH:3
end_of_record
